<?xml version="1.0" encoding="UTF-8"?>
<testsuite name="TestDataClasses" tests="2" skipped="0" failures="0" errors="0" timestamp="2020-03-15T18:40:24" hostname="MacBook-Pro-admin.local" time="0.031">
  <properties/>
  <testcase name="testComparePeople" classname="TestDataClasses" time="0.008"/>
  <testcase name="testListOfPeople" classname="TestDataClasses" time="0.023"/>
  <system-out><![CDATA[]]></system-out>
  <system-err><![CDATA[]]></system-err>
</testsuite>
