<?xml version="1.0" encoding="UTF-8"?>
<testsuite name="Test" tests="1" skipped="0" failures="0" errors="0" timestamp="2020-03-14T09:48:30" hostname="MacBook-Pro-admin.local" time="0.04">
  <properties/>
  <testcase name="testSolution" classname="Test" time="0.04"/>
  <system-out><![CDATA[]]></system-out>
  <system-err><![CDATA[]]></system-err>
</testsuite>
