<?xml version="1.0" encoding="UTF-8"?>
<testsuite name="TestForLoop" tests="2" skipped="0" failures="0" errors="0" timestamp="2020-03-15T21:00:57" hostname="MacBook-Pro-admin.local" time="0.017">
  <properties/>
  <testcase name="testIterateOverDateRange" classname="TestForLoop" time="0.016"/>
  <testcase name="testIterateOverEmptyRange" classname="TestForLoop" time="0.001"/>
  <system-out><![CDATA[]]></system-out>
  <system-err><![CDATA[]]></system-err>
</testsuite>
